c:\users\米泽双\documents\visual studio 2013\projects\0131124848\0131124848\release\vc120.pdb
c:\users\mizeshuang\documents\visual studio 2013\projects\0131124848\0131124848\release\0131124848.pch
c:\users\mizeshuang\documents\visual studio 2013\projects\0131124848\0131124848\release\vc120.pdb
c:\users\mizeshuang\documents\visual studio 2013\projects\0131124848\0131124848\release\stdafx.obj
c:\users\mizeshuang\documents\visual studio 2013\projects\0131124848\0131124848\release\0131124848dlg.obj
c:\users\mizeshuang\documents\visual studio 2013\projects\0131124848\0131124848\release\0131124848.obj
c:\users\米泽双\documents\visual studio 2013\projects\0131124848\release\0131124848.exe
c:\users\米泽双\documents\visual studio 2013\projects\0131124848\release\0131124848.pdb
c:\users\mizeshuang\documents\visual studio 2013\projects\0131124848\release\0131124848.exe
c:\users\mizeshuang\documents\visual studio 2013\projects\0131124848\release\0131124848.pdb
c:\users\mizeshuang\documents\visual studio 2013\projects\0131124848\0131124848\release\0131124848.res
c:\users\mizes\documents\visual studio 2013\projects\0131124848\0131124848\release\0131124848.obj
c:\users\mizes\documents\visual studio 2013\projects\0131124848\0131124848\release\0131124848dlg.obj
c:\users\mizes\documents\visual studio 2013\projects\0131124848\0131124848\release\stdafx.obj
c:\users\mizes\documents\visual studio 2013\projects\0131124848\0131124848\release\0131124848.res
c:\users\mizes\documents\visual studio 2013\projects\0131124848\0131124848\release\0131124848.pch
c:\users\mizes\documents\visual studio 2013\projects\0131124848\0131124848\release\vc120.pdb
c:\users\mizes\documents\visual studio 2013\projects\0131124848\release\0131124848.pdb
c:\users\mizes\documents\visual studio 2013\projects\0131124848\release\0131124848.exe
c:\users\mizes\documents\visual studio 2013\projects\0131124848\0131124848\release\0131124848.tlog\cl.command.1.tlog
c:\users\mizes\documents\visual studio 2013\projects\0131124848\0131124848\release\0131124848.tlog\cl.read.1.tlog
c:\users\mizes\documents\visual studio 2013\projects\0131124848\0131124848\release\0131124848.tlog\cl.write.1.tlog
c:\users\mizes\documents\visual studio 2013\projects\0131124848\0131124848\release\0131124848.tlog\link.command.1.tlog
c:\users\mizes\documents\visual studio 2013\projects\0131124848\0131124848\release\0131124848.tlog\link.read.1.tlog
c:\users\mizes\documents\visual studio 2013\projects\0131124848\0131124848\release\0131124848.tlog\link.write.1.tlog
c:\users\mizes\documents\visual studio 2013\projects\0131124848\0131124848\release\0131124848.tlog\rc.command.1.tlog
c:\users\mizes\documents\visual studio 2013\projects\0131124848\0131124848\release\0131124848.tlog\rc.read.1.tlog
c:\users\mizes\documents\visual studio 2013\projects\0131124848\0131124848\release\0131124848.tlog\rc.write.1.tlog
